<proceso,2,1>
<id,mi_proceso,2,9>
<definir,3,5>
<id,n,3,13>
<como,3,15>
<numerico,3,20>
<tk_pyc,3,28>
<definir,4,5>
<id,i,4,13>
<como,4,15>
<entero,4,20>
<tk_pyc,4,26>
<definir,5,5>
<id,c,5,13>
<como,5,15>
<caracter,5,20>
<tk_pyc,5,28>
<definir,6,5>
<id,r,6,13>
<como,6,15>
<real,6,20>
<tk_pyc,6,24>
<definir,7,5>
<id,b,7,13>
<como,7,15>
<logico,7,20>
<tk_pyc,7,26>
<id,n,9,5>
<tk_asig,9,7>
<tk_entero,1,9,10>
<tk_pyc,9,11>
<id,i,10,5>
<tk_asig,10,7>
<tk_entero,10,10,10>
<tk_pyc,10,12>
<id,c,11,5>
<tk_asig,11,7>
<tk_cadena,hola,11,10>
<tk_pyc,11,16>
<id,r,12,5>
<tk_asig,12,7>
<tk_real,3.141212,12,10>
<tk_pyc,12,18>
<id,b,13,5>
<tk_asig,13,7>
<verdadero,13,10>
<tk_pyc,13,19>
<escribir,15,5>
<id,n,15,14>
<tk_coma,15,15>
<tk_cadena, ,15,16>
<tk_coma,15,19>
<id,i,15,20>
<tk_coma,15,21>
<tk_cadena, ,15,22>
<tk_coma,15,25>
<id,c,15,26>
<tk_coma,15,27>
<tk_cadena, ,15,28>
<tk_coma,15,31>
<id,r,15,32>
<tk_coma,15,33>
<tk_cadena, ,15,34>
<tk_coma,15,37>
<id,b,15,38>
<tk_pyc,15,39>
<finproceso,16,1>
