test 9223372036854775808 9223372036854775808
not pow of 2 0 6703734870638684097
get largest 6703734870638684097
k = 2
k = 4
k = 8
k = 16
k = 32
k = 64
k = 128
k = 256
k = 512
k = 1024
k = 2048
k = 4096
k = 8192
k = 16384
k = 32768
k = 65536
k = 131072
k = 262144
k = 524288
k = 1048576
k = 2097152
k = 4194304
k = 8388608
k = 16777216
k = 33554432
k = 67108864
k = 134217728
k = 268435456
k = 536870912
k = 1073741824
k = 2147483648
k = 4294967296
k = 8589934592
k = 17179869184
k = 34359738368
k = 68719476736
k = 137438953472
k = 274877906944
k = 549755813888
k = 1099511627776
k = 2199023255552
k = 4398046511104
k = 8796093022208
k = 17592186044416
k = 35184372088832
k = 70368744177664
k = 140737488355328
k = 281474976710656
k = 562949953421312
k = 1125899906842624
k = 2251799813685248
k = 4503599627370496
k = 9007199254740992
k = 18014398509481984
k = 36028797018963968
k = 72057594037927936
k = 144115188075855872
k = 288230376151711744
k = 576460752303423488
k = 1152921504606846976
k = 2305843009213693952
k = 4611686018427387904
k = 9223372036854775808
not pow of 2 2305843009213693952 2092048852211296193
not pow of 2 576460752303423488 939127347604449217
not pow of 2 288230376151711744 362666595301025729
not pow of 2 144115188075855872 74436219149313985
not pow of 2 36028797018963968 2378625111386049
not pow of 2 1125899906842624 126825297700801
not pow of 2 35184372088832 56456553523137
not pow of 2 17592186044416 21272181434305
not pow of 2 8796093022208 3679995389889
not pow of 2 1099511627776 1480972134337
not pow of 2 549755813888 381460506561
not pow of 2 137438953472 106582599617
not pow of 2 34359738368 37863122881
not pow of 2 17179869184 3503384513
not pow of 2 1073741824 1355900865
not pow of 2 536870912 282159041
not pow of 2 134217728 13723585
not pow of 2 4194304 5334977
not pow of 2 2097152 1140673
not pow of 2 524288 92097
not pow of 2 32768 26561
not pow of 2 8192 10177
not pow of 2 4096 1985
not pow of 2 512 961
not pow of 2 256 449
not pow of 2 128 193
not pow of 2 64 65
Richard
not pow of 2 0 7597026128958891522
get largest 7597026128958891522
k = 2
k = 4
k = 8
k = 16
k = 32
k = 64
k = 128
k = 256
k = 512
k = 1024
k = 2048
k = 4096
k = 8192
k = 16384
k = 32768
k = 65536
k = 131072
k = 262144
k = 524288
k = 1048576
k = 2097152
k = 4194304
k = 8388608
k = 16777216
k = 33554432
k = 67108864
k = 134217728
k = 268435456
k = 536870912
k = 1073741824
k = 2147483648
k = 4294967296
k = 8589934592
k = 17179869184
k = 34359738368
k = 68719476736
k = 137438953472
k = 274877906944
k = 549755813888
k = 1099511627776
k = 2199023255552
k = 4398046511104
k = 8796093022208
k = 17592186044416
k = 35184372088832
k = 70368744177664
k = 140737488355328
k = 281474976710656
k = 562949953421312
k = 1125899906842624
k = 2251799813685248
k = 4503599627370496
k = 9007199254740992
k = 18014398509481984
k = 36028797018963968
k = 72057594037927936
k = 144115188075855872
k = 288230376151711744
k = 576460752303423488
k = 1152921504606846976
k = 2305843009213693952
k = 4611686018427387904
k = 9223372036854775808
not pow of 2 2305843009213693952 2985340110531503618
not pow of 2 1152921504606846976 679497101317809666
not pow of 2 288230376151711744 103036349014386178
not pow of 2 36028797018963968 30978754976458242
not pow of 2 9007199254740992 12964356466976258
not pow of 2 4503599627370496 3957157212235266
not pow of 2 1125899906842624 1705357398550018
not pow of 2 562949953421312 579457491707394
not pow of 2 281474976710656 16507538286082
not pow of 2 4398046511104 7711445263874
not pow of 2 2199023255552 3313398752770
not pow of 2 1099511627776 1114375497218
not pow of 2 549755813888 14863869442
not pow of 2 4294967296 6273934850
not pow of 2 2147483648 1978967554
not pow of 2 536870912 905225730
not pow of 2 268435456 368354818
not pow of 2 134217728 99919362
not pow of 2 33554432 32810498
not pow of 2 8388608 16033282
not pow of 2 4194304 7644674
not pow of 2 2097152 3450370
not pow of 2 1048576 1353218
not pow of 2 524288 304642
not pow of 2 131072 42498
not pow of 2 16384 9730
not pow of 2 4096 1538
not pow of 2 512 514
pow of 2 1
Richard
not pow of 2 0 13174607262084689114
get largest 13174607262084689114
k = 2
k = 4
k = 8
k = 16
k = 32
k = 64
k = 128
k = 256
k = 512
k = 1024
k = 2048
k = 4096
k = 8192
k = 16384
k = 32768
k = 65536
k = 131072
k = 262144
k = 524288
k = 1048576
k = 2097152
k = 4194304
k = 8388608
k = 16777216
k = 33554432
k = 67108864
k = 134217728
k = 268435456
k = 536870912
k = 1073741824
k = 2147483648
k = 4294967296
k = 8589934592
k = 17179869184
k = 34359738368
k = 68719476736
k = 137438953472
k = 274877906944
k = 549755813888
k = 1099511627776
k = 2199023255552
k = 4398046511104
k = 8796093022208
k = 17592186044416
k = 35184372088832
k = 70368744177664
k = 140737488355328
k = 281474976710656
k = 562949953421312
k = 1125899906842624
k = 2251799813685248
k = 4503599627370496
k = 9007199254740992
k = 18014398509481984
k = 36028797018963968
k = 72057594037927936
k = 144115188075855872
k = 288230376151711744
k = 576460752303423488
k = 1152921504606846976
k = 2305843009213693952
k = 4611686018427387904
k = 9223372036854775808
not pow of 2 4611686018427387904 3951235225229913306
not pow of 2 1152921504606846976 1645392216016219354
not pow of 2 576460752303423488 492470711409372378
not pow of 2 144115188075855872 204240335257660634
not pow of 2 72057594037927936 60125147181804762
not pow of 2 18014398509481984 24096350162840794
not pow of 2 9007199254740992 6081951653358810
not pow of 2 2251799813685248 1578352025988314
not pow of 2 562949953421312 452452119145690
not pow of 2 140737488355328 170977142435034
not pow of 2 70368744177664 30239654079706
not pow of 2 8796093022208 12647468035290
not pow of 2 4398046511104 3851375013082
not pow of 2 1099511627776 1652351757530
not pow of 2 549755813888 552840129754
not pow of 2 274877906944 3084315866
not pow of 2 1073741824 936832218
not pow of 2 268435456 399961306
not pow of 2 134217728 131525850
not pow of 2 33554432 64416986
not pow of 2 16777216 30862554
not pow of 2 8388608 14085338
not pow of 2 4194304 5696730
not pow of 2 2097152 1502426
not pow of 2 524288 453850
not pow of 2 131072 191706
not pow of 2 65536 60634
not pow of 2 16384 27866
not pow of 2 8192 11482
not pow of 2 4096 3290
not pow of 2 1024 1242
not pow of 2 512 218
not pow of 2 64 90
not pow of 2 32 26
not pow of 2 8 10
pow of 2 1
Louise
not pow of 2 0 6959712971461184279
get largest 6959712971461184279
k = 2
k = 4
k = 8
k = 16
k = 32
k = 64
k = 128
k = 256
k = 512
k = 1024
k = 2048
k = 4096
k = 8192
k = 16384
k = 32768
k = 65536
k = 131072
k = 262144
k = 524288
k = 1048576
k = 2097152
k = 4194304
k = 8388608
k = 16777216
k = 33554432
k = 67108864
k = 134217728
k = 268435456
k = 536870912
k = 1073741824
k = 2147483648
k = 4294967296
k = 8589934592
k = 17179869184
k = 34359738368
k = 68719476736
k = 137438953472
k = 274877906944
k = 549755813888
k = 1099511627776
k = 2199023255552
k = 4398046511104
k = 8796093022208
k = 17592186044416
k = 35184372088832
k = 70368744177664
k = 140737488355328
k = 281474976710656
k = 562949953421312
k = 1125899906842624
k = 2251799813685248
k = 4503599627370496
k = 9007199254740992
k = 18014398509481984
k = 36028797018963968
k = 72057594037927936
k = 144115188075855872
k = 288230376151711744
k = 576460752303423488
k = 1152921504606846976
k = 2305843009213693952
k = 4611686018427387904
k = 9223372036854775808
not pow of 2 2305843009213693952 2348026953033796375
not pow of 2 1152921504606846976 42183943820102423
not pow of 2 18014398509481984 6155146801138455
not pow of 2 2251799813685248 1651547173767959
not pow of 2 562949953421312 525647266925335
not pow of 2 140737488355328 244172290214679
not pow of 2 70368744177664 103434801859351
not pow of 2 35184372088832 33066057681687
not pow of 2 8796093022208 15473871637271
not pow of 2 4398046511104 6677778615063
not pow of 2 2199023255552 2279732103959
not pow of 2 1099511627776 80708848407
not pow of 2 34359738368 11989371671
not pow of 2 4294967296 3399437079
not pow of 2 1073741824 1251953431
not pow of 2 536870912 178211607
not pow of 2 67108864 43993879
not pow of 2 16777216 10439447
not pow of 2 4194304 2050839
not pow of 2 524288 1002263
not pow of 2 262144 477975
not pow of 2 131072 215831
not pow of 2 65536 84759
not pow of 2 32768 19223
not pow of 2 8192 2839
not pow of 2 1024 791
not pow of 2 256 279
not pow of 2 128 23
not pow of 2 8 7
not pow of 2 2 3
Louise
not pow of 2 0 12572864054437627553
get largest 12572864054437627553
k = 2
k = 4
k = 8
k = 16
k = 32
k = 64
k = 128
k = 256
k = 512
k = 1024
k = 2048
k = 4096
k = 8192
k = 16384
k = 32768
k = 65536
k = 131072
k = 262144
k = 524288
k = 1048576
k = 2097152
k = 4194304
k = 8388608
k = 16777216
k = 33554432
k = 67108864
k = 134217728
k = 268435456
k = 536870912
k = 1073741824
k = 2147483648
k = 4294967296
k = 8589934592
k = 17179869184
k = 34359738368
k = 68719476736
k = 137438953472
k = 274877906944
k = 549755813888
k = 1099511627776
k = 2199023255552
k = 4398046511104
k = 8796093022208
k = 17592186044416
k = 35184372088832
k = 70368744177664
k = 140737488355328
k = 281474976710656
k = 562949953421312
k = 1125899906842624
k = 2251799813685248
k = 4503599627370496
k = 9007199254740992
k = 18014398509481984
k = 36028797018963968
k = 72057594037927936
k = 144115188075855872
k = 288230376151711744
k = 576460752303423488
k = 1152921504606846976
k = 2305843009213693952
k = 4611686018427387904
k = 9223372036854775808
not pow of 2 4611686018427387904 3349492017582851745
not pow of 2 1152921504606846976 1043649008369157793
not pow of 2 288230376151711744 467188256065734305
not pow of 2 144115188075855872 178957879914022561
not pow of 2 72057594037927936 34842691838166689
not pow of 2 9007199254740992 16828293328684705
not pow of 2 4503599627370496 7821094073943713
not pow of 2 2251799813685248 3317494446573217
not pow of 2 1125899906842624 1065694632887969
not pow of 2 281474976710656 502744679466657
not pow of 2 140737488355328 221269702756001
not pow of 2 70368744177664 80532214400673
not pow of 2 35184372088832 10163470223009
not pow of 2 4398046511104 1367377200801
not pow of 2 549755813888 267865573025
not pow of 2 68719476736 130426619553
not pow of 2 34359738368 61707142817
not pow of 2 17179869184 27347404449
not pow of 2 8589934592 10167535265
not pow of 2 4294967296 1577600673
not pow of 2 536870912 503858849
not pow of 2 134217728 235423393
not pow of 2 67108864 101205665
not pow of 2 33554432 34096801
not pow of 2 16777216 542369
not pow of 2 262144 18081
not pow of 2 8192 1697
not pow of 2 512 673
not pow of 2 256 161
not pow of 2 64 33
Louise
